app/build/outputs/logs/manifest-merger-debug-report.txt
-- Merging decision tree log ---
manifest
ADDED from src\main\AndroidManifest.xml:2:1-304:12
INJECTED from src\main\AndroidManifest.xml:2:1-304:12
INJECTED from src\main\AndroidManifest.xml:2:1-304:12
INJECTED from src\main\AndroidManifest.xml:2:1-304:12
MERGED from [com.android.support:design:24.2.1] AndroidManifest.xml:17:1-24:12
MERGED from [:AndroidPickerViewmaster] AndroidManifest.xml:2:1-11:12
MERGED from [:Caldroidmaster] AndroidManifest.xml:2:1-11:12
MERGED from [:IRISFoundation] AndroidManifest.xml:2:1-11:12
MERGED from [com.android.support:appcompat-v7:24.2.1] AndroidManifest.xml:17:1-27:12
MERGED from [com.android.support:support-v4:24.2.1] AndroidManifest.xml:17:1-27:12
MERGED from [com.android.support:recyclerview-v7:24.2.1] AndroidManifest.xml:17:1-22:12
MERGED from [com.android.support:support-fragment:24.2.1] AndroidManifest.xml:17:1-27:12
MERGED from [com.android.support:support-media-compat:24.2.1] AndroidManifest.xml:17:1-27:12
MERGED from [com.android.support:support-core-utils:24.2.1] AndroidManifest.xml:17:1-27:12
MERGED from [com.android.support:support-core-ui:24.2.1] AndroidManifest.xml:17:1-27:12
MERGED from [com.android.support:animated-vector-drawable:24.2.1] AndroidManifest.xml:17:1-24:12
MERGED from [com.android.support:support-vector-drawable:24.2.1] AndroidManifest.xml:17:1-25:12
MERGED from [com.android.support:support-compat:24.2.1] AndroidManifest.xml:17:1-27:12
INJECTED from src\main\AndroidManifest.xml:2:1-304:12
INJECTED from src\main\AndroidManifest.xml:2:1-304:12
INJECTED from src\main\AndroidManifest.xml:2:1-304:12
	package
		ADDED from src\main\AndroidManifest.xml:3:5-28
		INJECTED from src\main\AndroidManifest.xml
		INJECTED from src\main\AndroidManifest.xml
	android:versionName
		ADDED from src\main\AndroidManifest.xml:5:5-30
		INJECTED from src\main\AndroidManifest.xml
		INJECTED from src\main\AndroidManifest.xml
	xmlns:android
		ADDED from src\main\AndroidManifest.xml:2:11-69
	android:versionCode
		ADDED from src\main\AndroidManifest.xml:4:5-28
		INJECTED from src\main\AndroidManifest.xml
		INJECTED from src\main\AndroidManifest.xml
uses-sdk
ADDED from src\main\AndroidManifest.xml:8:5-10:41
INJECTED from src\main\AndroidManifest.xml:8:5-10:41
INJECTED from src\main\AndroidManifest.xml:8:5-10:41
MERGED from [com.android.support:design:24.2.1] AndroidManifest.xml:20:5-43
MERGED from [com.android.support:design:24.2.1] AndroidManifest.xml:20:5-43
MERGED from [:AndroidPickerViewmaster] AndroidManifest.xml:7:5-9:41
MERGED from [:AndroidPickerViewmaster] AndroidManifest.xml:7:5-9:41
MERGED from [:Caldroidmaster] AndroidManifest.xml:7:5-9:41
MERGED from [:Caldroidmaster] AndroidManifest.xml:7:5-9:41
MERGED from [:IRISFoundation] AndroidManifest.xml:7:5-9:41
MERGED from [:IRISFoundation] AndroidManifest.xml:7:5-9:41
MERGED from [com.android.support:appcompat-v7:24.2.1] AndroidManifest.xml:21:5-23:78
MERGED from [com.android.support:appcompat-v7:24.2.1] AndroidManifest.xml:21:5-23:78
MERGED from [com.android.support:support-v4:24.2.1] AndroidManifest.xml:21:5-23:54
MERGED from [com.android.support:support-v4:24.2.1] AndroidManifest.xml:21:5-23:54
MERGED from [com.android.support:recyclerview-v7:24.2.1] AndroidManifest.xml:20:5-43
MERGED from [com.android.support:recyclerview-v7:24.2.1] AndroidManifest.xml:20:5-43
MERGED from [com.android.support:support-fragment:24.2.1] AndroidManifest.xml:21:5-23:60
MERGED from [com.android.support:support-fragment:24.2.1] AndroidManifest.xml:21:5-23:60
MERGED from [com.android.support:support-media-compat:24.2.1] AndroidManifest.xml:21:5-23:63
MERGED from [com.android.support:support-media-compat:24.2.1] AndroidManifest.xml:21:5-23:63
MERGED from [com.android.support:support-core-utils:24.2.1] AndroidManifest.xml:21:5-23:61
MERGED from [com.android.support:support-core-utils:24.2.1] AndroidManifest.xml:21:5-23:61
MERGED from [com.android.support:support-core-ui:24.2.1] AndroidManifest.xml:21:5-23:58
MERGED from [com.android.support:support-core-ui:24.2.1] AndroidManifest.xml:21:5-23:58
MERGED from [com.android.support:animated-vector-drawable:24.2.1] AndroidManifest.xml:20:5-44
MERGED from [com.android.support:animated-vector-drawable:24.2.1] AndroidManifest.xml:20:5-44
MERGED from [com.android.support:support-vector-drawable:24.2.1] AndroidManifest.xml:21:5-43
MERGED from [com.android.support:support-vector-drawable:24.2.1] AndroidManifest.xml:21:5-43
MERGED from [com.android.support:support-compat:24.2.1] AndroidManifest.xml:21:5-23:58
MERGED from [com.android.support:support-compat:24.2.1] AndroidManifest.xml:21:5-23:58
INJECTED from src\main\AndroidManifest.xml:8:5-10:41
INJECTED from src\main\AndroidManifest.xml:8:5-10:41
	tools:overrideLibrary
		ADDED from [com.android.support:appcompat-v7:24.2.1] AndroidManifest.xml:23:9-75
	android:targetSdkVersion
		ADDED from src\main\AndroidManifest.xml:10:9-38
		INJECTED from src\main\AndroidManifest.xml
		INJECTED from src\main\AndroidManifest.xml
	android:minSdkVersion
		ADDED from src\main\AndroidManifest.xml:9:9-35
		INJECTED from src\main\AndroidManifest.xml
		INJECTED from src\main\AndroidManifest.xml
uses-permission#android.permission.INTERNET
ADDED from src\main\AndroidManifest.xml:12:5-67
	android:name
		ADDED from src\main\AndroidManifest.xml:12:22-64
uses-permission#android.permission.WRITE_EXTERNAL_STORAGE
ADDED from src\main\AndroidManifest.xml:13:5-81
	android:name
		ADDED from src\main\AndroidManifest.xml:13:22-78
uses-permission#android.permission.ACCESS_NETWORK_STATE
ADDED from src\main\AndroidManifest.xml:14:5-79
	android:name
		ADDED from src\main\AndroidManifest.xml:14:22-76
uses-permission#android.permission.INTERACT_ACROSS_USERS_FULL
ADDED from src\main\AndroidManifest.xml:15:5-85
	android:name
		ADDED from src\main\AndroidManifest.xml:15:22-82
uses-permission#android.permission.CALL_PHONE
ADDED from src\main\AndroidManifest.xml:16:5-69
	android:name
		ADDED from src\main\AndroidManifest.xml:16:22-66
uses-permission#android.permission.MOUNT_UNMOUNT_FILESYSTEMS
ADDED from src\main\AndroidManifest.xml:17:5-84
	android:name
		ADDED from src\main\AndroidManifest.xml:17:22-81
uses-permission#android.permission.CHANGE_NETWORK_STATE
ADDED from src\main\AndroidManifest.xml:19:5-79
	android:name
		ADDED from src\main\AndroidManifest.xml:19:22-76
permission#com.iris.cada.permission.JPUSH_MESSAGE
ADDED from src\main\AndroidManifest.xml:22:5-24:47
	android:protectionLevel
		ADDED from src\main\AndroidManifest.xml:24:9-44
	android:name
		ADDED from src\main\AndroidManifest.xml:23:9-62
uses-permission#com.iris.cada.permission.JPUSH_MESSAGE
ADDED from src\main\AndroidManifest.xml:27:5-78
	android:name
		ADDED from src\main\AndroidManifest.xml:27:22-75
uses-permission#android.permission.RECEIVE_USER_PRESENT
ADDED from src\main\AndroidManifest.xml:28:5-79
	android:name
		ADDED from src\main\AndroidManifest.xml:28:22-76
uses-permission#android.permission.WAKE_LOCK
ADDED from src\main\AndroidManifest.xml:30:5-68
	android:name
		ADDED from src\main\AndroidManifest.xml:30:22-65
uses-permission#android.permission.READ_PHONE_STATE
ADDED from src\main\AndroidManifest.xml:31:5-75
	android:name
		ADDED from src\main\AndroidManifest.xml:31:22-72
uses-permission#android.permission.READ_EXTERNAL_STORAGE
ADDED from src\main\AndroidManifest.xml:33:5-80
	android:name
		ADDED from src\main\AndroidManifest.xml:33:22-77
uses-permission#android.permission.WRITE_SETTINGS
ADDED from src\main\AndroidManifest.xml:34:5-73
	android:name
		ADDED from src\main\AndroidManifest.xml:34:22-70
uses-permission#android.permission.VIBRATE
ADDED from src\main\AndroidManifest.xml:35:5-66
	android:name
		ADDED from src\main\AndroidManifest.xml:35:22-63
uses-permission#android.permission.ACCESS_WIFI_STATE
ADDED from src\main\AndroidManifest.xml:38:5-76
	android:name
		ADDED from src\main\AndroidManifest.xml:38:22-73
uses-permission#android.permission.SYSTEM_ALERT_WINDOW
ADDED from src\main\AndroidManifest.xml:41:5-78
	android:name
		ADDED from src\main\AndroidManifest.xml:41:22-75
uses-permission#android.permission.ACCESS_COARSE_LOCATION
ADDED from src\main\AndroidManifest.xml:42:5-81
	android:name
		ADDED from src\main\AndroidManifest.xml:42:22-78
uses-permission#android.permission.CHANGE_WIFI_STATE
ADDED from src\main\AndroidManifest.xml:43:5-76
	android:name
		ADDED from src\main\AndroidManifest.xml:43:22-73
uses-permission#android.permission.ACCESS_FINE_LOCATION
ADDED from src\main\AndroidManifest.xml:44:5-79
	android:name
		ADDED from src\main\AndroidManifest.xml:44:22-76
uses-permission#android.permission.ACCESS_LOCATION_EXTRA_COMMANDS
ADDED from src\main\AndroidManifest.xml:45:5-89
	android:name
		ADDED from src\main\AndroidManifest.xml:45:22-86
uses-permission#android.permission.GET_TASKS
ADDED from src\main\AndroidManifest.xml:47:5-68
	android:name
		ADDED from src\main\AndroidManifest.xml:47:22-65
application
ADDED from src\main\AndroidManifest.xml:51:5-302:19
MERGED from [com.android.support:design:24.2.1] AndroidManifest.xml:22:5-20
MERGED from [com.android.support:design:24.2.1] AndroidManifest.xml:22:5-20
MERGED from [com.android.support:appcompat-v7:24.2.1] AndroidManifest.xml:25:5-20
MERGED from [com.android.support:appcompat-v7:24.2.1] AndroidManifest.xml:25:5-20
MERGED from [com.android.support:support-v4:24.2.1] AndroidManifest.xml:25:5-20
MERGED from [com.android.support:support-v4:24.2.1] AndroidManifest.xml:25:5-20
MERGED from [com.android.support:support-fragment:24.2.1] AndroidManifest.xml:25:5-20
MERGED from [com.android.support:support-fragment:24.2.1] AndroidManifest.xml:25:5-20
MERGED from [com.android.support:support-media-compat:24.2.1] AndroidManifest.xml:25:5-20
MERGED from [com.android.support:support-media-compat:24.2.1] AndroidManifest.xml:25:5-20
MERGED from [com.android.support:support-core-utils:24.2.1] AndroidManifest.xml:25:5-20
MERGED from [com.android.support:support-core-utils:24.2.1] AndroidManifest.xml:25:5-20
MERGED from [com.android.support:support-core-ui:24.2.1] AndroidManifest.xml:25:5-20
MERGED from [com.android.support:support-core-ui:24.2.1] AndroidManifest.xml:25:5-20
MERGED from [com.android.support:animated-vector-drawable:24.2.1] AndroidManifest.xml:22:5-20
MERGED from [com.android.support:animated-vector-drawable:24.2.1] AndroidManifest.xml:22:5-20
MERGED from [com.android.support:support-vector-drawable:24.2.1] AndroidManifest.xml:23:5-20
MERGED from [com.android.support:support-vector-drawable:24.2.1] AndroidManifest.xml:23:5-20
MERGED from [com.android.support:support-compat:24.2.1] AndroidManifest.xml:25:5-20
MERGED from [com.android.support:support-compat:24.2.1] AndroidManifest.xml:25:5-20
	android:label
		ADDED from src\main\AndroidManifest.xml:55:9-41
	android:icon
		ADDED from src\main\AndroidManifest.xml:54:9-42
	android:allowBackup
		ADDED from src\main\AndroidManifest.xml:53:9-35
	android:theme
		ADDED from src\main\AndroidManifest.xml:56:9-40
	android:name
		ADDED from src\main\AndroidManifest.xml:52:9-55
activity#com.iris.cada.activity.LoginActivity
ADDED from src\main\AndroidManifest.xml:57:9-66:20
	android:screenOrientation
		ADDED from src\main\AndroidManifest.xml:60:13-49
	android:label
		ADDED from src\main\AndroidManifest.xml:59:13-45
	android:name
		ADDED from src\main\AndroidManifest.xml:58:13-64
intent-filter#android.intent.action.MAIN+android.intent.category.LAUNCHER
ADDED from src\main\AndroidManifest.xml:61:13-65:29
action#android.intent.action.MAIN
ADDED from src\main\AndroidManifest.xml:62:17-69
	android:name
		ADDED from src\main\AndroidManifest.xml:62:25-66
category#android.intent.category.LAUNCHER
ADDED from src\main\AndroidManifest.xml:64:17-77
	android:name
		ADDED from src\main\AndroidManifest.xml:64:27-74
activity#com.iris.cada.activity.MainActivity
ADDED from src\main\AndroidManifest.xml:67:9-71:20
	android:screenOrientation
		ADDED from src\main\AndroidManifest.xml:69:13-49
	android:theme
		ADDED from src\main\AndroidManifest.xml:70:13-44
	android:name
		ADDED from src\main\AndroidManifest.xml:68:13-63
activity#com.iris.cada.activity.SeparateAct
ADDED from src\main\AndroidManifest.xml:73:8-75:19
	android:screenOrientation
		ADDED from src\main\AndroidManifest.xml:74:12-48
	android:name
		ADDED from src\main\AndroidManifest.xml:73:18-67
activity#com.iris.cada.activity.ShmainAct
ADDED from src\main\AndroidManifest.xml:77:8-78:60
	android:screenOrientation
		ADDED from src\main\AndroidManifest.xml:78:12-48
	android:name
		ADDED from src\main\AndroidManifest.xml:77:18-65
activity#com.iris.cada.activity.UpdatePwdActivity
ADDED from src\main\AndroidManifest.xml:80:9-83:20
	android:screenOrientation
		ADDED from src\main\AndroidManifest.xml:82:13-49
	android:name
		ADDED from src\main\AndroidManifest.xml:81:13-68
activity#com.iris.cada.activity.HelpDocumentActivity
ADDED from src\main\AndroidManifest.xml:84:9-87:20
	android:screenOrientation
		ADDED from src\main\AndroidManifest.xml:86:13-49
	android:name
		ADDED from src\main\AndroidManifest.xml:85:13-71
activity#com.iris.cada.activity.HelpImageActivity
ADDED from src\main\AndroidManifest.xml:88:9-91:20
	android:screenOrientation
		ADDED from src\main\AndroidManifest.xml:90:13-49
	android:name
		ADDED from src\main\AndroidManifest.xml:89:13-68
activity#com.iris.cada.activity.ForgetPswActivity
ADDED from src\main\AndroidManifest.xml:92:9-95:20
	android:screenOrientation
		ADDED from src\main\AndroidManifest.xml:94:13-49
	android:name
		ADDED from src\main\AndroidManifest.xml:93:13-68
activity#com.iris.cada.activity.MyInfoActivity
ADDED from src\main\AndroidManifest.xml:96:9-99:20
	android:screenOrientation
		ADDED from src\main\AndroidManifest.xml:98:13-49
	android:name
		ADDED from src\main\AndroidManifest.xml:97:13-65
activity#com.iris.cada.activity.ReportSecondActivity
ADDED from src\main\AndroidManifest.xml:100:9-103:20
	android:screenOrientation
		ADDED from src\main\AndroidManifest.xml:102:13-49
	android:name
		ADDED from src\main\AndroidManifest.xml:101:13-71
activity#com.iris.cada.activity.SettingActivity
ADDED from src\main\AndroidManifest.xml:104:9-107:20
	android:screenOrientation
		ADDED from src\main\AndroidManifest.xml:106:13-49
	android:name
		ADDED from src\main\AndroidManifest.xml:105:13-66
activity#com.iris.cada.activity.ProfitSecondActivity
ADDED from src\main\AndroidManifest.xml:108:9-111:20
	android:screenOrientation
		ADDED from src\main\AndroidManifest.xml:110:13-49
	android:name
		ADDED from src\main\AndroidManifest.xml:109:13-71
activity#com.iris.cada.activity.DiagnosisProductActivity
ADDED from src\main\AndroidManifest.xml:112:9-115:20
	android:screenOrientation
		ADDED from src\main\AndroidManifest.xml:114:13-49
	android:name
		ADDED from src\main\AndroidManifest.xml:113:13-75
activity#com.iris.cada.activity.ActivityIviewMyinfor
ADDED from src\main\AndroidManifest.xml:116:9-119:20
	android:screenOrientation
		ADDED from src\main\AndroidManifest.xml:118:13-49
	android:name
		ADDED from src\main\AndroidManifest.xml:117:13-71
activity#com.iris.cada.activity.ActivityChangePassWord
ADDED from src\main\AndroidManifest.xml:120:9-123:20
	android:screenOrientation
		ADDED from src\main\AndroidManifest.xml:122:13-49
	android:name
		ADDED from src\main\AndroidManifest.xml:121:13-73
activity#com.iris.cada.activity.FilterConsultantActivity
ADDED from src\main\AndroidManifest.xml:124:9-126:52
	android:screenOrientation
		ADDED from src\main\AndroidManifest.xml:126:13-49
	android:name
		ADDED from src\main\AndroidManifest.xml:125:13-75
activity#com.iris.cada.activity.ImportRecordActivity
ADDED from src\main\AndroidManifest.xml:127:9-130:20
	android:screenOrientation
		ADDED from src\main\AndroidManifest.xml:129:13-49
	android:name
		ADDED from src\main\AndroidManifest.xml:128:13-71
activity#com.iris.cada.activity.WeatherPhenomenonAcivity
ADDED from src\main\AndroidManifest.xml:131:9-134:20
	android:screenOrientation
		ADDED from src\main\AndroidManifest.xml:133:13-49
	android:name
		ADDED from src\main\AndroidManifest.xml:132:13-75
activity#com.iris.cada.activity.NewSettingAct
ADDED from src\main\AndroidManifest.xml:136:9-138:25
	android:screenOrientation
		ADDED from src\main\AndroidManifest.xml:137:13-49
	android:name
		ADDED from src\main\AndroidManifest.xml:136:19-70
activity#com.iris.cada.activity.DaoruJrAct
ADDED from src\main\AndroidManifest.xml:139:9-140:61
	android:screenOrientation
		ADDED from src\main\AndroidManifest.xml:140:13-49
	android:name
		ADDED from src\main\AndroidManifest.xml:139:19-67
activity#com.iris.cada.activity.HelpAct
ADDED from src\main\AndroidManifest.xml:141:9-142:61
	android:screenOrientation
		ADDED from src\main\AndroidManifest.xml:142:13-49
	android:name
		ADDED from src\main\AndroidManifest.xml:141:19-64
activity#com.iris.cada.activity.DaoruFwAct
ADDED from src\main\AndroidManifest.xml:143:9-144:61
	android:screenOrientation
		ADDED from src\main\AndroidManifest.xml:144:13-49
	android:name
		ADDED from src\main\AndroidManifest.xml:143:19-67
activity#com.iris.cada.activity.NewMainAct
ADDED from src\main\AndroidManifest.xml:146:9-147:61
	android:screenOrientation
		ADDED from src\main\AndroidManifest.xml:147:13-49
	android:name
		ADDED from src\main\AndroidManifest.xml:146:19-67
activity#com.iris.cada.activity.ShHelpAct
ADDED from src\main\AndroidManifest.xml:148:9-151:25
	android:screenOrientation
		ADDED from src\main\AndroidManifest.xml:150:13-49
	android:name
		ADDED from src\main\AndroidManifest.xml:149:13-60
activity#com.iris.cada.activity.ShKpiAct
ADDED from src\main\AndroidManifest.xml:152:9-155:25
	android:screenOrientation
		ADDED from src\main\AndroidManifest.xml:154:13-49
	android:name
		ADDED from src\main\AndroidManifest.xml:153:13-59
activity#com.iris.cada.activity.ShimageAct
ADDED from src\main\AndroidManifest.xml:156:9-159:25
	android:screenOrientation
		ADDED from src\main\AndroidManifest.xml:158:13-49
	android:name
		ADDED from src\main\AndroidManifest.xml:157:13-61
activity#com.iris.cada.activity.MymessAct
ADDED from src\main\AndroidManifest.xml:160:9-162:25
	android:screenOrientation
		ADDED from src\main\AndroidManifest.xml:161:13-49
	android:name
		ADDED from src\main\AndroidManifest.xml:160:19-66
activity#com.iris.cada.activity.ShsxAct
ADDED from src\main\AndroidManifest.xml:163:9-166:25
	android:screenOrientation
		ADDED from src\main\AndroidManifest.xml:165:13-49
	android:name
		ADDED from src\main\AndroidManifest.xml:164:13-58
activity#com.iris.cada.activity.H5webAct
ADDED from src\main\AndroidManifest.xml:167:9-170:25
	android:screenOrientation
		ADDED from src\main\AndroidManifest.xml:169:13-49
	android:name
		ADDED from src\main\AndroidManifest.xml:168:13-59
activity#cn.jpush.android.ui.PopWinActivity
ADDED from src\main\AndroidManifest.xml:199:9-203:20
	android:exported
		ADDED from src\main\AndroidManifest.xml:202:13-37
	android:theme
		ADDED from src\main\AndroidManifest.xml:201:13-49
	android:name
		ADDED from src\main\AndroidManifest.xml:200:13-62
activity#cn.jpush.android.ui.PushActivity
ADDED from src\main\AndroidManifest.xml:206:9-216:20
	android:exported
		ADDED from src\main\AndroidManifest.xml:210:13-37
	android:configChanges
		ADDED from src\main\AndroidManifest.xml:208:13-63
	android:theme
		ADDED from src\main\AndroidManifest.xml:209:13-60
	android:name
		ADDED from src\main\AndroidManifest.xml:207:13-60
intent-filter#android.intent.category.DEFAULT+cn.jpush.android.ui.PushActivity+com.iris.cada
ADDED from src\main\AndroidManifest.xml:211:13-215:29
action#cn.jpush.android.ui.PushActivity
ADDED from src\main\AndroidManifest.xml:212:17-75
	android:name
		ADDED from src\main\AndroidManifest.xml:212:25-72
category#android.intent.category.DEFAULT
ADDED from src\main\AndroidManifest.xml:213:17-76
	android:name
		ADDED from src\main\AndroidManifest.xml:213:27-73
category#com.iris.cada
ADDED from src\main\AndroidManifest.xml:214:17-58
	android:name
		ADDED from src\main\AndroidManifest.xml:214:27-55
service#cn.jpush.android.service.PushService
ADDED from src\main\AndroidManifest.xml:220:9-230:19
	android:process
		ADDED from src\main\AndroidManifest.xml:222:13-36
	android:exported
		ADDED from src\main\AndroidManifest.xml:223:13-37
	android:name
		ADDED from src\main\AndroidManifest.xml:221:13-64
intent-filter#cn.jpush.android.intent.PUSH_TIME+cn.jpush.android.intent.PushService+cn.jpush.android.intent.REGISTER+cn.jpush.android.intent.REPORT
ADDED from src\main\AndroidManifest.xml:224:13-229:29
action#cn.jpush.android.intent.REGISTER
ADDED from src\main\AndroidManifest.xml:225:17-75
	android:name
		ADDED from src\main\AndroidManifest.xml:225:25-72
action#cn.jpush.android.intent.REPORT
ADDED from src\main\AndroidManifest.xml:226:17-73
	android:name
		ADDED from src\main\AndroidManifest.xml:226:25-70
action#cn.jpush.android.intent.PushService
ADDED from src\main\AndroidManifest.xml:227:17-78
	android:name
		ADDED from src\main\AndroidManifest.xml:227:25-75
action#cn.jpush.android.intent.PUSH_TIME
ADDED from src\main\AndroidManifest.xml:228:17-76
	android:name
		ADDED from src\main\AndroidManifest.xml:228:25-73
provider#cn.jpush.android.service.DataProvider
ADDED from src\main\AndroidManifest.xml:233:9-237:15
	android:authorities
		ADDED from src\main\AndroidManifest.xml:234:13-61
	android:exported
		ADDED from src\main\AndroidManifest.xml:236:13-36
	android:name
		ADDED from src\main\AndroidManifest.xml:235:13-65
service#cn.jpush.android.service.DaemonService
ADDED from src\main\AndroidManifest.xml:241:9-250:19
	android:enabled
		ADDED from src\main\AndroidManifest.xml:243:13-35
	android:exported
		ADDED from src\main\AndroidManifest.xml:244:13-36
	android:name
		ADDED from src\main\AndroidManifest.xml:242:13-66
intent-filter#cn.jpush.android.intent.DaemonService+com.iris.cada
ADDED from src\main\AndroidManifest.xml:245:13-248:29
action#cn.jpush.android.intent.DaemonService
ADDED from src\main\AndroidManifest.xml:246:17-80
	android:name
		ADDED from src\main\AndroidManifest.xml:246:25-77
receiver#cn.jpush.android.service.PushReceiver
ADDED from src\main\AndroidManifest.xml:253:10-272:20
	android:enabled
		ADDED from src\main\AndroidManifest.xml:255:13-35
	android:exported
		ADDED from src\main\AndroidManifest.xml:256:13-37
	android:name
		ADDED from src\main\AndroidManifest.xml:254:13-65
intent-filter#cn.jpush.android.intent.NOTIFICATION_RECEIVED_PROXY+com.iris.cada
ADDED from src\main\AndroidManifest.xml:257:13-260:29
	android:priority
		ADDED from src\main\AndroidManifest.xml:257:28-51
action#cn.jpush.android.intent.NOTIFICATION_RECEIVED_PROXY
ADDED from src\main\AndroidManifest.xml:258:17-94
	android:name
		ADDED from src\main\AndroidManifest.xml:258:25-91
intent-filter#android.intent.action.USER_PRESENT+android.net.conn.CONNECTIVITY_CHANGE
ADDED from src\main\AndroidManifest.xml:261:13-264:29
action#android.intent.action.USER_PRESENT
ADDED from src\main\AndroidManifest.xml:262:17-77
	android:name
		ADDED from src\main\AndroidManifest.xml:262:25-74
action#android.net.conn.CONNECTIVITY_CHANGE
ADDED from src\main\AndroidManifest.xml:263:17-79
	android:name
		ADDED from src\main\AndroidManifest.xml:263:25-76
intent-filter#android.intent.action.PACKAGE_ADDED+android.intent.action.PACKAGE_REMOVED
ADDED from src\main\AndroidManifest.xml:266:13-271:29
action#android.intent.action.PACKAGE_ADDED
ADDED from src\main\AndroidManifest.xml:267:17-78
	android:name
		ADDED from src\main\AndroidManifest.xml:267:25-75
action#android.intent.action.PACKAGE_REMOVED
ADDED from src\main\AndroidManifest.xml:268:17-80
	android:name
		ADDED from src\main\AndroidManifest.xml:268:25-77
data
ADDED from src\main\AndroidManifest.xml:270:17-50
	android:scheme
		ADDED from src\main\AndroidManifest.xml:270:23-47
receiver#cn.jpush.android.service.AlarmReceiver
ADDED from src\main\AndroidManifest.xml:275:9-99
	android:exported
		ADDED from src\main\AndroidManifest.xml:275:73-97
	android:name
		ADDED from src\main\AndroidManifest.xml:275:19-72
receiver#com.iris.cada.jpush.MyReceiver
ADDED from src\main\AndroidManifest.xml:278:9-290:20
	android:enabled
		ADDED from src\main\AndroidManifest.xml:281:13-35
	android:exported
		ADDED from src\main\AndroidManifest.xml:280:13-37
	android:name
		ADDED from src\main\AndroidManifest.xml:279:13-58
intent-filter#cn.jpush.android.intent.CONNECTION+cn.jpush.android.intent.MESSAGE_RECEIVED+cn.jpush.android.intent.NOTIFICATION_OPENED+cn.jpush.android.intent.NOTIFICATION_RECEIVED+cn.jpush.android.intent.REGISTRATION+com.iris.cada
ADDED from src\main\AndroidManifest.xml:282:13-289:29
action#cn.jpush.android.intent.REGISTRATION
ADDED from src\main\AndroidManifest.xml:283:17-79
	android:name
		ADDED from src\main\AndroidManifest.xml:283:25-76
action#cn.jpush.android.intent.MESSAGE_RECEIVED
ADDED from src\main\AndroidManifest.xml:284:17-83
	android:name
		ADDED from src\main\AndroidManifest.xml:284:25-80
action#cn.jpush.android.intent.NOTIFICATION_RECEIVED
ADDED from src\main\AndroidManifest.xml:285:17-88
	android:name
		ADDED from src\main\AndroidManifest.xml:285:25-85
action#cn.jpush.android.intent.NOTIFICATION_OPENED
ADDED from src\main\AndroidManifest.xml:286:17-86
	android:name
		ADDED from src\main\AndroidManifest.xml:286:25-83
action#cn.jpush.android.intent.CONNECTION
ADDED from src\main\AndroidManifest.xml:287:17-77
	android:name
		ADDED from src\main\AndroidManifest.xml:287:25-74
receiver#com.iris.cada.jpush.MyJPushMessageReceiver
ADDED from src\main\AndroidManifest.xml:292:8-297:20
	android:name
		ADDED from src\main\AndroidManifest.xml:292:18-75
intent-filter#cn.jpush.android.intent.RECEIVE_MESSAGE+com.iris.cada
ADDED from src\main\AndroidManifest.xml:293:13-296:29
action#cn.jpush.android.intent.RECEIVE_MESSAGE
ADDED from src\main\AndroidManifest.xml:294:17-82
	android:name
		ADDED from src\main\AndroidManifest.xml:294:25-79
meta-data#JPUSH_CHANNEL
ADDED from src\main\AndroidManifest.xml:300:10-85
	android:value
		ADDED from src\main\AndroidManifest.xml:300:50-83
	android:name
		ADDED from src\main\AndroidManifest.xml:300:21-49
meta-data#JPUSH_APPKEY
ADDED from src\main\AndroidManifest.xml:301:9-90
	android:value
		ADDED from src\main\AndroidManifest.xml:301:48-88
	android:name
		ADDED from src\main\AndroidManifest.xml:301:20-47